<?xml version="1.0" encoding="UTF-8"?>
<testng-results skipped="0" failed="0" ignored="0" total="1" passed="1">
  <reporter-output>
  </reporter-output>
  <suite name="Surefire suite" duration-ms="425" started-at="2017-09-25T02:39:11Z" finished-at="2017-09-25T02:39:11Z">
    <groups>
      <group name="cucumber">
        <method signature="AbstractTestNGCucumberTests.feature(cucumber.api.testng.CucumberFeatureWrapper)[pri:0, instance:runner.Testrunner@26f67b76]" name="feature" class="cucumber.api.testng.AbstractTestNGCucumberTests"/>
      </group> <!-- cucumber -->
    </groups>
    <test name="Surefire test" duration-ms="425" started-at="2017-09-25T02:39:11Z" finished-at="2017-09-25T02:39:11Z">
      <class name="runner.Testrunner">
        <test-method status="PASS" signature="setUpClass()[pri:0, instance:runner.Testrunner@26f67b76]" name="setUpClass" is-config="true" duration-ms="195" started-at="2017-09-24T23:39:11Z" finished-at="2017-09-24T23:39:11Z">
          <reporter-output>
          </reporter-output>
        </test-method> <!-- setUpClass -->
        <test-method status="PASS" signature="feature(cucumber.api.testng.CucumberFeatureWrapper)[pri:0, instance:runner.Testrunner@26f67b76]" name="feature" duration-ms="58" started-at="2017-09-24T23:39:11Z" description="Runs Cucumber Feature" data-provider="features" finished-at="2017-09-24T23:39:11Z">
          <params>
            <param index="0">
              <value>
                <![CDATA[LoginFeature]]>
              </value>
            </param>
          </params>
          <reporter-output>
          </reporter-output>
        </test-method> <!-- feature -->
        <test-method status="PASS" signature="tearDownClass()[pri:0, instance:runner.Testrunner@26f67b76]" name="tearDownClass" is-config="true" duration-ms="75" started-at="2017-09-24T23:39:11Z" finished-at="2017-09-24T23:39:11Z">
          <reporter-output>
          </reporter-output>
        </test-method> <!-- tearDownClass -->
      </class> <!-- runner.Testrunner -->
    </test> <!-- Surefire test -->
  </suite> <!-- Surefire suite -->
</testng-results>
